<?xml version="1.0" encoding="UTF-8"?>
<!-- Generated by org.testng.reporters.JUnitReportReporter -->
<testsuite hostname="DESKTOP-D716IJ6" failures="0" tests="1" name="com.testscripts.ParametersUsingRun" time="0.008" errors="0" timestamp="2023-04-07T10:11:06 IST" skipped="0">
  <testcase classname="com.testscripts.ParametersUsingRun" name="m1" time="0.008"/>
  <system-out/>
</testsuite> <!-- com.testscripts.ParametersUsingRun -->
