<?xml version="1.0" encoding="UTF-8"?>
<!-- Generated by org.testng.reporters.JUnitReportReporter -->
<testsuite hostname="DESKTOP-D716IJ6" failures="0" tests="1" name="com.testscripts.ddd" time="0.005" errors="0" timestamp="2023-04-06T17:20:31 IST" skipped="0">
  <testcase classname="com.testscripts.ddd" name="m2" time="0.005"/>
  <system-out/>
</testsuite> <!-- com.testscripts.ddd -->
