<?xml version="1.0" encoding="UTF-8"?>
<!-- Generated by org.testng.reporters.JUnitReportReporter -->
<testsuite hostname="DESKTOP-D716IJ6" failures="0" tests="1" name="BaseClassImplemented.AdminLoginTest" time="1.491" errors="0" timestamp="2023-04-03T10:39:57 IST" skipped="0">
  <testcase classname="BaseClassImplemented.AdminLoginTest" name="login" time="1.491"/>
  <system-out/>
</testsuite> <!-- BaseClassImplemented.AdminLoginTest -->
